This file contains any messages produced by compilers while
running configure, to aid debugging if configure makes a mistake.

It was created by WordNet configure 2.1, which was
generated by GNU Autoconf 2.59.  Invocation command line was

  $ ./configure 

## --------- ##
## Platform. ##
## --------- ##

hostname = (none)
uname -m = i686
uname -r = 3.2.2-1-ARCH
uname -s = Linux
uname -v = #1 SMP PREEMPT Thu Jan 26 08:28:27 UTC 2012

/usr/bin/uname -p = unknown
/bin/uname -X     = unknown

/bin/arch              = i686
/usr/bin/arch -k       = unknown
/usr/convex/getsysinfo = unknown
hostinfo               = unknown
/bin/machine           = unknown
/usr/bin/oslevel       = unknown
/bin/universe          = unknown

PATH: /usr/gnat/bin
PATH: /usr/gnat/bin
PATH: /usr/gnat/bin
PATH: /usr/gnat/bin
PATH: /usr/gnat/bin
PATH: /usr/gnat/bin
PATH: /usr/gnat/bin
PATH: /usr/local/bin
PATH: /usr/bin
PATH: /bin
PATH: /usr/local/sbin
PATH: /usr/sbin
PATH: /sbin
PATH: /opt/kde/bin
PATH: /usr/bin/core_perl
PATH: /opt/qt/bin
PATH: /opt/mozilla/bin
PATH: /usr/lib/jvm/java-7-openjdk/bin
PATH: /usr/share/java/apache-ant/bin
PATH: /home/twk/software/aspectj1.6//bin
PATH: /home/twk/software/srilm-1.4.5/bin/i686
PATH: /home/twk/software/maven/bin
PATH: /opt/mozilla/bin
PATH: /usr/lib/jvm/java-7-openjdk/bin
PATH: /usr/share/java/apache-ant/bin
PATH: /home/twk/software/aspectj1.6//bin
PATH: /home/twk/software/srilm-1.4.5/bin/i686
PATH: /home/twk/software/maven/bin
PATH: /opt/mozilla/bin
PATH: /usr/lib/jvm/java-7-openjdk/bin
PATH: /usr/share/java/apache-ant/bin
PATH: /home/twk/software/aspectj1.6//bin
PATH: /home/twk/software/srilm-1.4.5/bin/i686
PATH: /home/twk/software/maven/bin
PATH: /opt/mozilla/bin
PATH: /usr/lib/jvm/java-7-openjdk/bin
PATH: /usr/share/java/apache-ant/bin
PATH: /home/twk/software/aspectj1.6//bin
PATH: /home/twk/software/srilm-1.4.5/bin/i686
PATH: /home/twk/software/maven/bin
PATH: /opt/mozilla/bin
PATH: /usr/lib/jvm/java-7-openjdk/bin
PATH: /usr/share/java/apache-ant/bin
PATH: /home/twk/software/aspectj1.6//bin
PATH: /home/twk/software/srilm-1.4.5/bin/i686
PATH: /home/twk/software/maven/bin
PATH: /opt/mozilla/bin
PATH: /usr/lib/jvm/java-7-openjdk/bin
PATH: /usr/share/java/apache-ant/bin
PATH: /home/twk/software/aspectj1.6//bin
PATH: /home/twk/software/srilm-1.4.5/bin/i686
PATH: /home/twk/software/maven/bin
PATH: /opt/mozilla/bin
PATH: /usr/lib/jvm/java-7-openjdk/bin
PATH: /usr/share/java/apache-ant/bin
PATH: /home/twk/software/aspectj1.6//bin
PATH: /home/twk/software/srilm-1.4.5/bin/i686
PATH: /home/twk/software/maven/bin


## ----------- ##
## Core tests. ##
## ----------- ##

configure:1373: checking for gcc
configure:1389: found /usr/bin/gcc
configure:1399: result: gcc
configure:1643: checking for C compiler version
configure:1646: gcc --version </dev/null >&5
gcc (GCC) 4.6.2 20120120 (prerelease)
Copyright (C) 2011 Free Software Foundation, Inc.
This is free software; see the source for copying conditions.  There is NO
warranty; not even for MERCHANTABILITY or FITNESS FOR A PARTICULAR PURPOSE.

configure:1649: $? = 0
configure:1651: gcc -v </dev/null >&5
Using built-in specs.
COLLECT_GCC=gcc
COLLECT_LTO_WRAPPER=/usr/lib/gcc/i686-pc-linux-gnu/4.6.2/lto-wrapper
Target: i686-pc-linux-gnu
Configured with: /build/src/gcc-4.6-20120120/configure --prefix=/usr --libdir=/usr/lib --libexecdir=/usr/lib --mandir=/usr/share/man --infodir=/usr/share/info --with-bugurl=https://bugs.archlinux.org/ --enable-languages=c,c++,ada,fortran,go,lto,objc,obj-c++ --enable-shared --enable-threads=posix --with-system-zlib --enable-__cxa_atexit --disable-libunwind-exceptions --enable-clocale=gnu --disable-libstdcxx-pch --enable-libstdcxx-time --enable-gnu-unique-object --enable-linker-build-id --with-ppl --enable-cloog-backend=isl --enable-lto --enable-gold --enable-ld=default --enable-plugin --with-plugin-ld=ld.gold --disable-multilib --disable-libssp --enable-checking=release
Thread model: posix
gcc version 4.6.2 20120120 (prerelease) (GCC) 
configure:1654: $? = 0
configure:1656: gcc -V </dev/null >&5
gcc: error: unrecognized option '-V'
gcc: fatal error: no input files
compilation terminated.
configure:1659: $? = 1
configure:1682: checking for C compiler default output file name
configure:1685: gcc    conftest.c  >&5
configure:1688: $? = 0
configure:1734: result: a.out
configure:1739: checking whether the C compiler works
configure:1745: ./a.out
configure:1748: $? = 0
configure:1765: result: yes
configure:1772: checking whether we are cross compiling
configure:1774: result: no
configure:1777: checking for suffix of executables
configure:1779: gcc -o conftest    conftest.c  >&5
configure:1782: $? = 0
configure:1807: result: 
configure:1813: checking for suffix of object files
configure:1834: gcc -c   conftest.c >&5
configure:1837: $? = 0
configure:1859: result: o
configure:1863: checking whether we are using the GNU C compiler
configure:1887: gcc -c   conftest.c >&5
configure:1893: $? = 0
configure:1897: test -z 
			 || test ! -s conftest.err
configure:1900: $? = 0
configure:1903: test -s conftest.o
configure:1906: $? = 0
configure:1919: result: yes
configure:1925: checking whether gcc accepts -g
configure:1946: gcc -c -g  conftest.c >&5
configure:1952: $? = 0
configure:1956: test -z 
			 || test ! -s conftest.err
configure:1959: $? = 0
configure:1962: test -s conftest.o
configure:1965: $? = 0
configure:1976: result: yes
configure:1993: checking for gcc option to accept ANSI C
configure:2063: gcc  -c -g -O2  conftest.c >&5
configure:2069: $? = 0
configure:2073: test -z 
			 || test ! -s conftest.err
configure:2076: $? = 0
configure:2079: test -s conftest.o
configure:2082: $? = 0
configure:2100: result: none needed
configure:2118: gcc -c -g -O2  conftest.c >&5
conftest.c:2:3: error: unknown type name 'choke'
conftest.c:2:3: error: expected '=', ',', ';', 'asm' or '__attribute__' at end of input
configure:2124: $? = 1
configure: failed program was:
| #ifndef __cplusplus
|   choke me
| #endif
configure:2298: checking for ranlib
configure:2314: found /usr/bin/ranlib
configure:2325: result: ranlib
configure:2375: checking for a BSD-compatible install
configure:2430: result: /bin/install -c
configure:2449: checking how to run the C preprocessor
configure:2484: gcc -E  conftest.c
configure:2490: $? = 0
configure:2522: gcc -E  conftest.c
conftest.c:9:28: fatal error: ac_nonexistent.h: No such file or directory
compilation terminated.
configure:2528: $? = 1
configure: failed program was:
| /* confdefs.h.  */
| 
| #define PACKAGE_NAME "WordNet"
| #define PACKAGE_TARNAME "wordnet"
| #define PACKAGE_VERSION "2.1"
| #define PACKAGE_STRING "WordNet 2.1"
| #define PACKAGE_BUGREPORT "wordnet@princeton.edu"
| /* end confdefs.h.  */
| #include <ac_nonexistent.h>
configure:2567: result: gcc -E
configure:2591: gcc -E  conftest.c
configure:2597: $? = 0
configure:2629: gcc -E  conftest.c
conftest.c:9:28: fatal error: ac_nonexistent.h: No such file or directory
compilation terminated.
configure:2635: $? = 1
configure: failed program was:
| /* confdefs.h.  */
| 
| #define PACKAGE_NAME "WordNet"
| #define PACKAGE_TARNAME "wordnet"
| #define PACKAGE_VERSION "2.1"
| #define PACKAGE_STRING "WordNet 2.1"
| #define PACKAGE_BUGREPORT "wordnet@princeton.edu"
| /* end confdefs.h.  */
| #include <ac_nonexistent.h>
configure:2679: checking for egrep
configure:2689: result: grep -E
configure:2694: checking for ANSI C header files
configure:2719: gcc -c -g -O2  conftest.c >&5
configure:2725: $? = 0
configure:2729: test -z 
			 || test ! -s conftest.err
configure:2732: $? = 0
configure:2735: test -s conftest.o
configure:2738: $? = 0
configure:2827: gcc -o conftest -g -O2   conftest.c  >&5
conftest.c: In function 'main':
conftest.c:26:7: warning: incompatible implicit declaration of built-in function 'exit' [enabled by default]
configure:2830: $? = 0
configure:2832: ./conftest
configure:2835: $? = 0
configure:2850: result: yes
configure:2874: checking for sys/types.h
configure:2890: gcc -c -g -O2  conftest.c >&5
configure:2896: $? = 0
configure:2900: test -z 
			 || test ! -s conftest.err
configure:2903: $? = 0
configure:2906: test -s conftest.o
configure:2909: $? = 0
configure:2920: result: yes
configure:2874: checking for sys/stat.h
configure:2890: gcc -c -g -O2  conftest.c >&5
configure:2896: $? = 0
configure:2900: test -z 
			 || test ! -s conftest.err
configure:2903: $? = 0
configure:2906: test -s conftest.o
configure:2909: $? = 0
configure:2920: result: yes
configure:2874: checking for stdlib.h
configure:2890: gcc -c -g -O2  conftest.c >&5
configure:2896: $? = 0
configure:2900: test -z 
			 || test ! -s conftest.err
configure:2903: $? = 0
configure:2906: test -s conftest.o
configure:2909: $? = 0
configure:2920: result: yes
configure:2874: checking for string.h
configure:2890: gcc -c -g -O2  conftest.c >&5
configure:2896: $? = 0
configure:2900: test -z 
			 || test ! -s conftest.err
configure:2903: $? = 0
configure:2906: test -s conftest.o
configure:2909: $? = 0
configure:2920: result: yes
configure:2874: checking for memory.h
configure:2890: gcc -c -g -O2  conftest.c >&5
configure:2896: $? = 0
configure:2900: test -z 
			 || test ! -s conftest.err
configure:2903: $? = 0
configure:2906: test -s conftest.o
configure:2909: $? = 0
configure:2920: result: yes
configure:2874: checking for strings.h
configure:2890: gcc -c -g -O2  conftest.c >&5
configure:2896: $? = 0
configure:2900: test -z 
			 || test ! -s conftest.err
configure:2903: $? = 0
configure:2906: test -s conftest.o
configure:2909: $? = 0
configure:2920: result: yes
configure:2874: checking for inttypes.h
configure:2890: gcc -c -g -O2  conftest.c >&5
configure:2896: $? = 0
configure:2900: test -z 
			 || test ! -s conftest.err
configure:2903: $? = 0
configure:2906: test -s conftest.o
configure:2909: $? = 0
configure:2920: result: yes
configure:2874: checking for stdint.h
configure:2890: gcc -c -g -O2  conftest.c >&5
configure:2896: $? = 0
configure:2900: test -z 
			 || test ! -s conftest.err
configure:2903: $? = 0
configure:2906: test -s conftest.o
configure:2909: $? = 0
configure:2920: result: yes
configure:2874: checking for unistd.h
configure:2890: gcc -c -g -O2  conftest.c >&5
configure:2896: $? = 0
configure:2900: test -z 
			 || test ! -s conftest.err
configure:2903: $? = 0
configure:2906: test -s conftest.o
configure:2909: $? = 0
configure:2920: result: yes
configure:2949: checking locale.h usability
configure:2961: gcc -c -g -O2  conftest.c >&5
configure:2967: $? = 0
configure:2971: test -z 
			 || test ! -s conftest.err
configure:2974: $? = 0
configure:2977: test -s conftest.o
configure:2980: $? = 0
configure:2990: result: yes
configure:2994: checking locale.h presence
configure:3004: gcc -E  conftest.c
configure:3010: $? = 0
configure:3030: result: yes
configure:3065: checking for locale.h
configure:3072: result: yes
configure:2949: checking malloc.h usability
configure:2961: gcc -c -g -O2  conftest.c >&5
configure:2967: $? = 0
configure:2971: test -z 
			 || test ! -s conftest.err
configure:2974: $? = 0
configure:2977: test -s conftest.o
configure:2980: $? = 0
configure:2990: result: yes
configure:2994: checking malloc.h presence
configure:3004: gcc -E  conftest.c
configure:3010: $? = 0
configure:3030: result: yes
configure:3065: checking for malloc.h
configure:3072: result: yes
configure:2940: checking for stdlib.h
configure:2945: result: yes
configure:2940: checking for string.h
configure:2945: result: yes
configure:3094: checking for stdlib.h
configure:3099: result: yes
configure:3239: checking for GNU libc compatible malloc
configure:3268: gcc -o conftest -g -O2   conftest.c  >&5
configure:3271: $? = 0
configure:3273: ./conftest
configure:3276: $? = 0
configure:3290: result: yes
configure:3328: checking for strchr
configure:3385: gcc -o conftest -g -O2   conftest.c  >&5
conftest.c:49:6: warning: conflicting types for built-in function 'strchr' [enabled by default]
configure:3391: $? = 0
configure:3395: test -z 
			 || test ! -s conftest.err
configure:3398: $? = 0
configure:3401: test -s conftest
configure:3404: $? = 0
configure:3416: result: yes
configure:3328: checking for strdup
configure:3385: gcc -o conftest -g -O2   conftest.c  >&5
conftest.c:50:6: warning: conflicting types for built-in function 'strdup' [enabled by default]
configure:3391: $? = 0
configure:3395: test -z 
			 || test ! -s conftest.err
configure:3398: $? = 0
configure:3401: test -s conftest
configure:3404: $? = 0
configure:3416: result: yes
configure:3328: checking for strrchr
configure:3385: gcc -o conftest -g -O2   conftest.c  >&5
conftest.c:51:6: warning: conflicting types for built-in function 'strrchr' [enabled by default]
configure:3391: $? = 0
configure:3395: test -z 
			 || test ! -s conftest.err
configure:3398: $? = 0
configure:3401: test -s conftest
configure:3404: $? = 0
configure:3416: result: yes
configure:3328: checking for strstr
configure:3385: gcc -o conftest -g -O2   conftest.c  >&5
conftest.c:52:6: warning: conflicting types for built-in function 'strstr' [enabled by default]
configure:3391: $? = 0
configure:3395: test -z 
			 || test ! -s conftest.err
configure:3398: $? = 0
configure:3401: test -s conftest
configure:3404: $? = 0
configure:3416: result: yes
configure:3328: checking for strtol
configure:3385: gcc -o conftest -g -O2   conftest.c  >&5
configure:3391: $? = 0
configure:3395: test -z 
			 || test ! -s conftest.err
configure:3398: $? = 0
configure:3401: test -s conftest
configure:3404: $? = 0
configure:3416: result: yes
configure:3430: checking for nl_langinfo and CODESET
configure:3451: gcc -o conftest -g -O2   conftest.c  >&5
configure:3457: $? = 0
configure:3461: test -z 
			 || test ! -s conftest.err
configure:3464: $? = 0
configure:3467: test -s conftest
configure:3470: $? = 0
configure:3483: result: yes
configure:3495: checking whether build environment is sane
configure:3538: result: yes
configure:3603: checking for gawk
configure:3619: found /usr/bin/gawk
configure:3629: result: gawk
configure:3639: checking whether make sets $(MAKE)
configure:3659: result: yes
configure:3689: checking for style of include used by make
configure:3717: result: GNU
configure:3893: checking dependency style of gcc
configure:3983: result: gcc3
configure:4018: checking for Tcl configuration
configure:4097: result: found /usr/lib/tclConfig.sh
configure:4118: checking for Tk configuration
configure:4194: result: found /usr/lib/tkConfig.sh
configure:4201: checking for existence of /usr/lib/tclConfig.sh
configure:4205: result: loading
configure:4255: checking for existence of /usr/lib/tkConfig.sh
configure:4259: result: loading
configure:4394: creating ./config.status

## ---------------------- ##
## Running config.status. ##
## ---------------------- ##

This file was extended by WordNet config.status 2.1, which was
generated by GNU Autoconf 2.59.  Invocation command line was

  CONFIG_FILES    = 
  CONFIG_HEADERS  = 
  CONFIG_LINKS    = 
  CONFIG_COMMANDS = 
  $ ./config.status 

on (none)

config.status:708: creating Makefile
config.status:708: creating dict/Makefile
config.status:708: creating doc/Makefile
config.status:708: creating doc/html/Makefile
config.status:708: creating doc/man/Makefile
config.status:708: creating doc/pdf/Makefile
config.status:708: creating doc/ps/Makefile
config.status:708: creating include/Makefile
config.status:708: creating src/Makefile
config.status:708: creating lib/Makefile
config.status:708: creating lib/wnres/Makefile
config.status:812: creating config.h
config.status:1122: executing depfiles commands
config.status:1122: executing default commands
configure:5717: result:
WordNet is now configured

  Installation directory:               /usr/local/WordNet-2.1

  To build and install WordNet:

    make
    make install

  To run, environment variables should be set as follows:

    PATH - include ${exec_prefix}/bin
    WNHOME - if not using default installation location, set to /usr/local/WordNet-2.1

    See INSTALL file for details and additional environment variables
    which may need to be set on your system.



## ---------------- ##
## Cache variables. ##
## ---------------- ##

ac_cv_c_compiler_gnu=yes
ac_cv_c_tclconfig=/usr/lib
ac_cv_c_tkconfig=/usr/lib
ac_cv_env_CC_set=
ac_cv_env_CC_value=
ac_cv_env_CFLAGS_set=
ac_cv_env_CFLAGS_value=
ac_cv_env_CPPFLAGS_set=
ac_cv_env_CPPFLAGS_value=
ac_cv_env_CPP_set=
ac_cv_env_CPP_value=
ac_cv_env_LDFLAGS_set=
ac_cv_env_LDFLAGS_value=
ac_cv_env_build_alias_set=
ac_cv_env_build_alias_value=
ac_cv_env_host_alias_set=
ac_cv_env_host_alias_value=
ac_cv_env_target_alias_set=
ac_cv_env_target_alias_value=
ac_cv_exeext=
ac_cv_func_malloc_0_nonnull=yes
ac_cv_func_strchr=yes
ac_cv_func_strdup=yes
ac_cv_func_strrchr=yes
ac_cv_func_strstr=yes
ac_cv_func_strtol=yes
ac_cv_header_inttypes_h=yes
ac_cv_header_locale_h=yes
ac_cv_header_malloc_h=yes
ac_cv_header_memory_h=yes
ac_cv_header_stdc=yes
ac_cv_header_stdint_h=yes
ac_cv_header_stdlib_h=yes
ac_cv_header_string_h=yes
ac_cv_header_strings_h=yes
ac_cv_header_sys_stat_h=yes
ac_cv_header_sys_types_h=yes
ac_cv_header_unistd_h=yes
ac_cv_objext=o
ac_cv_path_install='/bin/install -c'
ac_cv_prog_AWK=gawk
ac_cv_prog_CPP='gcc -E'
ac_cv_prog_ac_ct_CC=gcc
ac_cv_prog_ac_ct_RANLIB=ranlib
ac_cv_prog_cc_g=yes
ac_cv_prog_cc_stdc=
ac_cv_prog_egrep='grep -E'
ac_cv_prog_make_make_set=yes
am_cv_CC_dependencies_compiler_type=gcc3
am_cv_langinfo_codeset=yes

## ----------------- ##
## Output variables. ##
## ----------------- ##

ACLOCAL='${SHELL} /home/twk/wsgetalp/data/wordnet/2.1/missing --run aclocal-1.9'
AMDEPBACKSLASH='\'
AMDEP_FALSE='#'
AMDEP_TRUE=''
AMTAR='${SHELL} /home/twk/wsgetalp/data/wordnet/2.1/missing --run tar'
AUTOCONF='${SHELL} /home/twk/wsgetalp/data/wordnet/2.1/missing --run autoconf'
AUTOHEADER='${SHELL} /home/twk/wsgetalp/data/wordnet/2.1/missing --run autoheader'
AUTOMAKE='${SHELL} /home/twk/wsgetalp/data/wordnet/2.1/missing --run automake-1.9'
AWK='gawk'
CC='gcc'
CCDEPMODE='depmode=gcc3'
CFLAGS='-g -O2'
CPP='gcc -E'
CPPFLAGS=''
CYGPATH_W='echo'
DEFS='-DHAVE_CONFIG_H'
DEPDIR='.deps'
ECHO_C=''
ECHO_N='-n'
ECHO_T=''
EGREP='grep -E'
EXEEXT=''
INSTALL_DATA='${INSTALL} -m 644'
INSTALL_PROGRAM='${INSTALL}'
INSTALL_SCRIPT='${INSTALL}'
INSTALL_STRIP_PROGRAM='${SHELL} $(install_sh) -c -s'
LDFLAGS=''
LIBOBJS=''
LIBS=''
LTLIBOBJS=''
MAKEINFO='${SHELL} /home/twk/wsgetalp/data/wordnet/2.1/missing --run makeinfo'
OBJEXT='o'
PACKAGE='WordNet'
PACKAGE_BUGREPORT='wordnet@princeton.edu'
PACKAGE_NAME='WordNet'
PACKAGE_STRING='WordNet 2.1'
PACKAGE_TARNAME='wordnet'
PACKAGE_VERSION='2.1'
PATH_SEPARATOR=':'
RANLIB='ranlib'
SET_MAKE=''
SHELL='/bin/sh'
STRIP=''
TCL_INCLUDE_SPEC='-I/usr/include'
TCL_LIB_SPEC='-L/usr/lib -ltcl8.5'
TK_LIBS='-lX11 -lXss -lXext -lXft    -lpthread -ldl  -lpthread -lieee -lm'
TK_LIB_SPEC='-L/usr/lib -ltk8.5'
TK_PREFIX='/usr'
TK_XINCLUDES=''
VERSION='2.1'
ac_ct_CC='gcc'
ac_ct_RANLIB='ranlib'
ac_ct_STRIP=''
am__fastdepCC_FALSE='#'
am__fastdepCC_TRUE=''
am__include='include'
am__leading_dot='.'
am__quote=''
am__tar='${AMTAR} chof - "$$tardir"'
am__untar='${AMTAR} xf -'
bindir='${exec_prefix}/bin'
build_alias=''
datadir='${prefix}/share'
exec_prefix='${prefix}'
host_alias=''
includedir='${prefix}/include'
infodir='${prefix}/info'
install_sh='/home/twk/wsgetalp/data/wordnet/2.1/install-sh'
libdir='${exec_prefix}/lib'
libexecdir='${exec_prefix}/libexec'
localstatedir='${prefix}/var'
mandir='${prefix}/man'
mkdir_p='mkdir -p --'
oldincludedir='/usr/include'
prefix='/usr/local/WordNet-2.1'
program_transform_name='s,x,x,'
sbindir='${exec_prefix}/sbin'
sharedstatedir='${prefix}/com'
sysconfdir='${prefix}/etc'
target_alias=''

## ----------- ##
## confdefs.h. ##
## ----------- ##

#define HAVE_INTTYPES_H 1
#define HAVE_LANGINFO_CODESET 1
#define HAVE_LOCALE_H 1
#define HAVE_MALLOC 1
#define HAVE_MALLOC_H 1
#define HAVE_MEMORY_H 1
#define HAVE_STDINT_H 1
#define HAVE_STDLIB_H 1
#define HAVE_STDLIB_H 1
#define HAVE_STDLIB_H 1
#define HAVE_STRCHR 1
#define HAVE_STRDUP 1
#define HAVE_STRINGS_H 1
#define HAVE_STRING_H 1
#define HAVE_STRING_H 1
#define HAVE_STRRCHR 1
#define HAVE_STRSTR 1
#define HAVE_STRTOL 1
#define HAVE_SYS_STAT_H 1
#define HAVE_SYS_TYPES_H 1
#define HAVE_UNISTD_H 1
#define PACKAGE "WordNet"
#define PACKAGE_BUGREPORT "wordnet@princeton.edu"
#define PACKAGE_NAME "WordNet"
#define PACKAGE_STRING "WordNet 2.1"
#define PACKAGE_TARNAME "wordnet"
#define PACKAGE_VERSION "2.1"
#define STDC_HEADERS 1
#define VERSION "2.1"

configure: exit 0
